<?xml version="1.0" encoding="UTF-8"?>
<!-- Generated by org.testng.reporters.JUnitReportReporter -->
<testsuite hostname="Gowthams-MacBook-Pro.local" failures="0" tests="1" name="testngAmazon.macbook" time="3.746" errors="0" timestamp="26 Jun 2023 06:30:19 GMT" skipped="0">
  <testcase classname="testngAmazon.macbook" name="launchUrl" time="3.746"/>
</testsuite> <!-- testngAmazon.macbook -->
