<?xml version="1.0" encoding="UTF-8"?>
<!-- Generated by org.testng.reporters.JUnitReportReporter -->
<testsuite hostname="Gowthams-MacBook-Pro.local" failures="0" tests="1" name="testngAmazon.mobile" time="2.760" errors="0" timestamp="26 Jun 2023 06:30:19 GMT" skipped="0">
  <testcase classname="testngAmazon.mobile" name="launchUrl" time="2.760"/>
</testsuite> <!-- testngAmazon.mobile -->
